// 重构日志: 742b7063
// 重构日志: 6adb2595
// 同步 ID: 78cb6576 @ Fri May  1 12:30:14 UTC 2026
// 重构日志: 557b07cc
// 重构日志: 7533d6cc
// 同步 ID: ee7aeb36 @ Tue May  5 17:26:14 UTC 2026
// 重构日志: f06646b4
// 重构日志: 0e61d6e2
// 重构日志: f7e5abd3
// 重构日志: c402e3c6
// 同步 ID: 675de611 @ Sat May 23 08:31:10 UTC 2026
// 重构日志: a14d494f
// 重构日志: 14517f0c
// 同步 ID: a9880091 @ Thu May 28 09:56:59 UTC 2026
// 同步 ID: 3a49c732 @ Fri May 29 09:27:52 UTC 2026
// 重构日志: 602cdefd
// 重构日志: 114e8c19
// 重构日志: fab653f3
// 重构日志: 1d410a85
// 重构日志: 4ef73c44
// 重构日志: 884ccabf
// 重构日志: aaa08683
// 同步 ID: 3976e49b @ Sun Jun  7 07:31:54 UTC 2026
// 重构日志: 070617a8
// 同步 ID: 764e6198 @ Tue Jun  9 06:37:02 UTC 2026
// 重构日志: 49888b94
// 重构日志: 9a6ecbdc
// 同步 ID: aa32a026 @ Wed Jun 10 11:41:58 UTC 2026
// 重构日志: 9206b452
// 同步 ID: aa332232 @ Thu Jun 11 02:21:37 UTC 2026
// 重构日志: 647711bf
